<?xml version="1.0" encoding="UTF-8"?>
<TestRun id="905a23c7-061d-4e14-8b69-23f1198592ce" name="Hambeere@HAMBEERE-PC 2013-08-29 03:35:21" runUser="Hambeere-PC\Hambeere" xmlns="http://microsoft.com/schemas/VisualStudio/TeamTest/2010">
  <TestSettings name="Local" id="cbba068f-ca6b-4d32-97d5-f4739766905c">
    <Description>These are default test settings for a local test run.</Description>
    <Deployment enabled="false" runDeploymentRoot="Hambeere_HAMBEERE-PC 2013-08-29 03_35_21">
      <DeploymentItem filename="D:\ATeam\Illusion\DataAccess\Manufacturing\Illusion.Manufacturings.DAL\bin\Debug\Illusion.Manufacturings.DAL.dll" />
      <DeploymentItem filename="D:\ATeam\Illusion\DataAccess\Manufacturing\Illusion.Manufacturings.DALInterface\bin\Debug\Illusion.Manufacturings.DALInterface.dll" />
      <DeploymentItem filename="D:\ATeam\Illusion\DataAccess\Sales\Sales.DALInterface\bin\Debug\Sales.DALInterface.dll" />
      <DeploymentItem filename="D:\ATeam\Illusion\DataAccess\Sales\Sales.EDM\bin\Debug\Sales.EDM.dll" />
      <DeploymentItem filename="D:\ATeam\Illusion\DataAccess\Product\Illusion.ProductEDM\bin\Debug\Illusion.ProductEDM.dll" />
      <DeploymentItem filename="D:\ATeam\Illusion\DataAccess\Product\Illusion.Product.DAL\bin\Debug\Illusion.Product.DAL.dll" />
      <DeploymentItem filename="D:\ATeam\Illusion\DataAccess\Product\Illusion.Product.DALInterface\bin\Debug\Illusion.Product.DALInterface.dll" />
      <DeploymentItem filename="D:\ATeam\Illusion\DataAccess\Manufacturing\Illusion.ManufacturingEDM\bin\Debug\Illusion.ManufacturingEDM.dll" />
      <DeploymentItem filename="D:\ATeam\Illusion\DataAccess\Sales\Sales.DAL\bin\Debug\Sales.DAL.dll" />
    </Deployment>
    <Execution>
      <TestTypeSpecific />
      <AgentRule name="Execution Agents">
      </AgentRule>
    </Execution>
  </TestSettings>
  <Times creation="2013-08-29T03:35:21.7944007+05:30" queuing="2013-08-29T03:35:24.9995841+05:30" start="2013-08-29T03:35:25.0755884+05:30" finish="2013-08-29T03:35:27.5967326+05:30" />
  <ResultSummary outcome="Completed">
    <Counters total="1" executed="1" passed="1" error="0" failed="0" timeout="0" aborted="0" inconclusive="0" passedButRunAborted="0" notRunnable="0" notExecuted="0" disconnected="0" warning="0" completed="0" inProgress="0" pending="0" />
  </ResultSummary>
  <TestDefinitions>
    <UnitTest name="GetAllProducts" storage="d:\ateam\illusion\tests\dataaccesstest\salesdataaccesstest\bin\debug\salesdataaccesstest.dll" id="62fcd35a-4179-fe93-ba73-28260cffd2a3">
      <Execution id="a2315843-2c94-44c2-bdd6-b1f496447de1" />
      <TestMethod codeBase="D:/ATeam/Illusion/Tests/DataAccessTest/SalesDataAccessTest/bin/Debug/SalesDataAccessTest.DLL" adapterTypeName="Microsoft.VisualStudio.TestTools.TestTypes.Unit.UnitTestAdapter, Microsoft.VisualStudio.QualityTools.Tips.UnitTest.Adapter, Version=10.0.0.0, Culture=neutral, PublicKeyToken=b03f5f7f11d50a3a" className="SalesDataAccessTest.ProductDALTest, SalesDataAccessTest, Version=1.0.0.0, Culture=neutral, PublicKeyToken=null" name="GetAllProducts" />
    </UnitTest>
  </TestDefinitions>
  <TestLists>
    <TestList name="Results Not in a List" id="8c84fa94-04c1-424b-9868-57a2d4851a1d" />
    <TestList name="All Loaded Results" id="19431567-8539-422a-85d7-44ee4e166bda" />
  </TestLists>
  <TestEntries>
    <TestEntry testId="62fcd35a-4179-fe93-ba73-28260cffd2a3" executionId="a2315843-2c94-44c2-bdd6-b1f496447de1" testListId="8c84fa94-04c1-424b-9868-57a2d4851a1d" />
  </TestEntries>
  <Results>
    <UnitTestResult executionId="a2315843-2c94-44c2-bdd6-b1f496447de1" testId="62fcd35a-4179-fe93-ba73-28260cffd2a3" testName="GetAllProducts" computerName="HAMBEERE-PC" duration="00:00:00.4817853" startTime="2013-08-29T03:35:25.1795944+05:30" endTime="2013-08-29T03:35:26.0506442+05:30" testType="13cdc9d9-ddb5-4fa4-a97d-d965ccfc6d4b" outcome="Passed" testListId="8c84fa94-04c1-424b-9868-57a2d4851a1d" relativeResultsDirectory="a2315843-2c94-44c2-bdd6-b1f496447de1">
    </UnitTestResult>
  </Results>
</TestRun>