<?xml version="1.0" encoding="UTF-8"?>
<TestRun id="74ffa023-e5a0-4e71-8ad3-579cfb4599a4" name="Hambeere@HAMBEERE-PC 2013-08-26 01:08:55" runUser="Hambeere-PC\Hambeere" xmlns="http://microsoft.com/schemas/VisualStudio/TeamTest/2010">
  <TestSettings name="Local" id="cbba068f-ca6b-4d32-97d5-f4739766905c">
    <Description>These are default test settings for a local test run.</Description>
    <Deployment enabled="false" runDeploymentRoot="Hambeere_HAMBEERE-PC 2013-08-26 01_08_55">
      <DeploymentItem filename="D:\ATeam\Illusion\DataAccess\Sales\Sales.DALInterface\bin\Debug\Sales.DALInterface.dll" />
      <DeploymentItem filename="D:\ATeam\Illusion\DataAccess\Sales\Sales.DAL\bin\Debug\Sales.DAL.dll" />
      <DeploymentItem filename="D:\ATeam\Illusion\DataAccess\Manufacturing\Illusion.Manufacturings.DAL\bin\Debug\Illusion.Manufacturings.DAL.dll" />
      <DeploymentItem filename="D:\ATeam\Illusion\DataAccess\Manufacturing\Illusion.ManufacturingEDM\bin\Debug\Illusion.ManufacturingEDM.dll" />
      <DeploymentItem filename="D:\ATeam\Illusion\DataAccess\Manufacturing\Illusion.Manufacturings.DALInterface\bin\Debug\Illusion.Manufacturings.DALInterface.dll" />
      <DeploymentItem filename="D:\ATeam\Illusion\DataAccess\Sales\Sales.EDM\bin\Debug\Sales.EDM.dll" />
    </Deployment>
    <Execution>
      <TestTypeSpecific />
      <AgentRule name="Execution Agents">
      </AgentRule>
    </Execution>
  </TestSettings>
  <Times creation="2013-08-26T01:08:55.5658869+05:30" queuing="2013-08-26T01:08:55.6058891+05:30" start="2013-08-26T01:08:55.6528918+05:30" finish="2013-08-26T01:08:56.0149125+05:30" />
  <ResultSummary outcome="Completed">
    <Counters total="1" executed="1" passed="1" error="0" failed="0" timeout="0" aborted="0" inconclusive="0" passedButRunAborted="0" notRunnable="0" notExecuted="0" disconnected="0" warning="0" completed="0" inProgress="0" pending="0" />
  </ResultSummary>
  <TestDefinitions>
    <UnitTest name="GetAllProductInventory" storage="d:\ateam\illusion\tests\dataaccesstest\salesdataaccesstest\bin\debug\salesdataaccesstest.dll" id="ad71499b-1fdd-fd9c-7117-937edc750983">
      <Execution id="82fbd757-507c-454f-84fb-adde6f398edf" />
      <TestMethod codeBase="D:/ATeam/Illusion/Tests/DataAccessTest/SalesDataAccessTest/bin/Debug/SalesDataAccessTest.DLL" adapterTypeName="Microsoft.VisualStudio.TestTools.TestTypes.Unit.UnitTestAdapter, Microsoft.VisualStudio.QualityTools.Tips.UnitTest.Adapter, Version=10.0.0.0, Culture=neutral, PublicKeyToken=b03f5f7f11d50a3a" className="SalesDataAccessTest.ManufacturingTest, SalesDataAccessTest, Version=1.0.0.0, Culture=neutral, PublicKeyToken=null" name="GetAllProductInventory" />
    </UnitTest>
  </TestDefinitions>
  <TestLists>
    <TestList name="Results Not in a List" id="8c84fa94-04c1-424b-9868-57a2d4851a1d" />
    <TestList name="All Loaded Results" id="19431567-8539-422a-85d7-44ee4e166bda" />
  </TestLists>
  <TestEntries>
    <TestEntry testId="ad71499b-1fdd-fd9c-7117-937edc750983" executionId="82fbd757-507c-454f-84fb-adde6f398edf" testListId="8c84fa94-04c1-424b-9868-57a2d4851a1d" />
  </TestEntries>
  <Results>
    <UnitTestResult executionId="82fbd757-507c-454f-84fb-adde6f398edf" testId="ad71499b-1fdd-fd9c-7117-937edc750983" testName="GetAllProductInventory" computerName="HAMBEERE-PC" duration="00:00:00.1199876" startTime="2013-08-26T01:08:55.6648925+05:30" endTime="2013-08-26T01:08:55.9949114+05:30" testType="13cdc9d9-ddb5-4fa4-a97d-d965ccfc6d4b" outcome="Passed" testListId="8c84fa94-04c1-424b-9868-57a2d4851a1d" relativeResultsDirectory="82fbd757-507c-454f-84fb-adde6f398edf">
    </UnitTestResult>
  </Results>
</TestRun>